Đã gửi tới: 0306211159@caothang.edu.vn
Đã gửi tới: 0306211159@caothang.edu.vn
Đã gửi tới: 0306211159@caothang.edu.vn
Đã gửi tới: 0306211159@caothang.edu.vn
Đã gửi tới: 0306211159@caothang.edu.vn
Đã gửi tới: 0306211159@caothang.edu.vn
Đã gửi tới: 0306211159@caothang.edu.vn
Đã gửi tới: 0306211159@caothang.edu.vn
Đã gửi tới: thanhkiet.101023@gmail.com
Đã gửi tới: thanhkiet.101023@gmail.com
Đã gửi tới: nguyenthithu883312@gmail.com
Đã gửi tới: thanhbt31@gmail.com
Đã gửi tới: thanhkiet.101023@gmail.com
Đã gửi tới: nguyenthithu883312@gmail.com
Đã gửi tới: thanbt31@gmail.com
Đã gửi tới: thanhkiet.101023@gmail.com
Đã gửi tới: nguyenthithu883312@gmail.com
Đã gửi tới: thanbt31@gmail.com
Đã gửi tới: thanhkiet.101023@gmail.com
Đã gửi tới: nguyenthithu883312@gmail.com
Đã gửi tới: thanbt31@gmail.com
Đã gửi tới: lctien@caothang.edu.vn
Đã gửi tới: thanhkiet.101023@gmail.com
Đã gửi tới: nguyenthithu883312@gmail.com
Đã gửi tới: thanbt31@gmail.com
